#
# A fatal error has been detected by the Java Runtime Environment:
#
#  EXCEPTION_ACCESS_VIOLATION (0xc0000005) at pc=0x00007ffeabb21111, pid=13728, tid=0x0000000000000b04
#
# JRE version: Java(TM) SE Runtime Environment (8.0_131-b11) (build 1.8.0_131-b11)
# Java VM: Java HotSpot(TM) 64-Bit Server VM (25.131-b11 mixed mode windows-amd64 compressed oops)
# Problematic frame:
# C  [hello.dll+0x1111]  Java_com_testnative_HelloWorld_displayHelloWorld+0x11
#
# Failed to write core dump. Minidumps are not enabled by default on client versions of Windows
#
# If you would like to submit a bug report, please visit:
#   http://bugreport.java.com/bugreport/crash.jsp
# The crash happened outside the Java Virtual Machine in native code.
# See problematic frame for where to report the bug.
#

---------------  T H R E A D  ---------------

Current thread (0x0000000002652800):  JavaThread "main" [_thread_in_native, id=2820, stack(0x0000000002550000,0x0000000002650000)]

siginfo: ExceptionCode=0xc0000005, writing address 0x0000000000000005

Registers:
RAX=0x000000000000000d, RBX=0x0000000016c70478, RCX=0x00000000ffffffff, RDX=0x00007ffea8ffc4a0
RSP=0x000000000264ea80, RBP=0x000000000264eb20, RSI=0x0000000002652800, RDI=0x00000000ffffffff
R8 =0x000000000264e770, R9 =0x00007ffea8f20000, R10=0x0000000000000000, R11=0x0000000000000200
R12=0x0000000000000000, R13=0x0000000016c70478, R14=0x000000000264eb40, R15=0x0000000002652800
RIP=0x00007ffeabb21111, EFLAGS=0x0000000000010202

Top of Stack: (sp=0x000000000264ea80)
0x000000000264ea80:   00007ffeabb22270 000000000264eb40
0x000000000264ea90:   0000000000000008 0000000002547900
0x000000000264eaa0:   00000000ffffffff 000000000277100c
0x000000000264eab0:   0000000002652800 0000000016c70478
0x000000000264eac0:   0000000002652800 000000000284fe0b
0x000000000264ead0:   000000000264eb90 0000000002770a22
0x000000000264eae0:   000000000264eae0 0000000016c70478
0x000000000264eaf0:   000000000264eb40 0000000016c705c8
0x000000000264eb00:   0000000000000000 0000000016c70478
0x000000000264eb10:   0000000000000000 000000000264eb40
0x000000000264eb20:   000000000264ec20 00000000027508da
0x000000000264eb30:   0000000000000000 00000000027671bb
0x000000000264eb40:   00000000d625d4e8 cafebabecafebabe
0x000000000264eb50:   cafebabecafebabe 0000000000000000
0x000000000264eb60:   0000000000000000 0000000000000000
0x000000000264eb70:   0000000000000000 0000000000000000 

Instructions: (pc=0x00007ffeabb21111)
0x00007ffeabb210f1:   c3 cc cc cc cc cc cc cc cc cc cc cc cc cc cc 48
0x00007ffeabb21101:   83 ec 28 48 8d 0d 65 11 00 00 ff 15 df 0f 00 00
0x00007ffeabb21111:   c6 04 25 05 00 00 00 6f 33 c0 c6 04 25 05 00 00
0x00007ffeabb21121:   00 76 c7 04 25 01 00 00 00 69 6e 67 6c c6 00 64 


Register to memory mapping:

RAX=0x000000000000000d is an unknown value
RBX={method} {0x0000000016c70480} 'displayHelloWorld' '()[C' in 'com/testnative/HelloWorld'
RCX=0x00000000ffffffff is an unallocated location in the heap
RDX=0x00007ffea8ffc4a0 is an unknown value
RSP=0x000000000264ea80 is pointing into the stack for thread: 0x0000000002652800
RBP=0x000000000264eb20 is pointing into the stack for thread: 0x0000000002652800
RSI=0x0000000002652800 is a thread
RDI=0x00000000ffffffff is an unallocated location in the heap
R8 =0x000000000264e770 is pointing into the stack for thread: 0x0000000002652800
R9 =0x00007ffea8f20000 is an unknown value
R10=0x0000000000000000 is an unknown value
R11=0x0000000000000200 is an unknown value
R12=0x0000000000000000 is an unknown value
R13={method} {0x0000000016c70480} 'displayHelloWorld' '()[C' in 'com/testnative/HelloWorld'
R14=0x000000000264eb40 is pointing into the stack for thread: 0x0000000002652800
R15=0x0000000002652800 is a thread


Stack: [0x0000000002550000,0x0000000002650000],  sp=0x000000000264ea80,  free space=1018k
Native frames: (J=compiled Java code, j=interpreted, Vv=VM code, C=native code)
C  [hello.dll+0x1111]  Java_com_testnative_HelloWorld_displayHelloWorld+0x11
C  0x000000000277100c

Java frames: (J=compiled Java code, j=interpreted, Vv=VM code)
j  com.testnative.HelloWorld.displayHelloWorld()[C+0
v  ~StubRoutines::call_stub
j  com.testnative.HelloWorld.main([Ljava/lang/String;)V+0
v  ~StubRoutines::call_stub

---------------  P R O C E S S  ---------------

Java Threads: ( => current thread )
  0x00000000185e8000 JavaThread "Service Thread" daemon [_thread_blocked, id=8592, stack(0x0000000019180000,0x0000000019280000)]
  0x00000000185b4800 JavaThread "C1 CompilerThread2" daemon [_thread_blocked, id=3676, stack(0x0000000019080000,0x0000000019180000)]
  0x00000000185b0800 JavaThread "C2 CompilerThread1" daemon [_thread_blocked, id=12724, stack(0x0000000018f80000,0x0000000019080000)]
  0x00000000185ae800 JavaThread "C2 CompilerThread0" daemon [_thread_blocked, id=5692, stack(0x0000000018e80000,0x0000000018f80000)]
  0x000000001859e000 JavaThread "JDWP Command Reader" daemon [_thread_in_native, id=5680, stack(0x0000000018d80000,0x0000000018e80000)]
  0x000000001859b000 JavaThread "JDWP Event Helper Thread" daemon [_thread_blocked, id=8660, stack(0x0000000018c80000,0x0000000018d80000)]
  0x000000001858e000 JavaThread "JDWP Transport Listener: dt_socket" daemon [_thread_blocked, id=10344, stack(0x0000000018b80000,0x0000000018c80000)]
  0x0000000017220800 JavaThread "Attach Listener" daemon [_thread_blocked, id=1208, stack(0x0000000018a80000,0x0000000018b80000)]
  0x0000000018588800 JavaThread "Signal Dispatcher" daemon [_thread_blocked, id=7908, stack(0x0000000018980000,0x0000000018a80000)]
  0x00000000171f9000 JavaThread "Finalizer" daemon [_thread_blocked, id=13916, stack(0x0000000018480000,0x0000000018580000)]
  0x0000000002744800 JavaThread "Reference Handler" daemon [_thread_blocked, id=11348, stack(0x0000000018380000,0x0000000018480000)]
=>0x0000000002652800 JavaThread "main" [_thread_in_native, id=2820, stack(0x0000000002550000,0x0000000002650000)]

Other Threads:
  0x00000000171d7800 VMThread [stack: 0x0000000018280000,0x0000000018380000] [id=8168]
  0x0000000018697000 WatcherThread [stack: 0x0000000019280000,0x0000000019380000] [id=9556]

VM state:not at safepoint (normal execution)

VM Mutex/Monitor currently owned by a thread: None

Heap:
 PSYoungGen      total 37888K, used 2621K [0x00000000d6180000, 0x00000000d8b80000, 0x0000000100000000)
  eden space 32768K, 8% used [0x00000000d6180000,0x00000000d640f690,0x00000000d8180000)
  from space 5120K, 0% used [0x00000000d8680000,0x00000000d8680000,0x00000000d8b80000)
  to   space 5120K, 0% used [0x00000000d8180000,0x00000000d8180000,0x00000000d8680000)
 ParOldGen       total 86016K, used 0K [0x0000000082400000, 0x0000000087800000, 0x00000000d6180000)
  object space 86016K, 0% used [0x0000000082400000,0x0000000082400000,0x0000000087800000)
 Metaspace       used 2825K, capacity 4486K, committed 4864K, reserved 1056768K
  class space    used 302K, capacity 386K, committed 512K, reserved 1048576K

Card table byte_map: [0x0000000011b10000,0x0000000011f00000] byte_map_base: 0x00000000116fe000

Marking Bits: (ParMarkBitMap*) 0x0000000064b9c720
 Begin Bits: [0x00000000125a0000, 0x0000000014510000)
 End Bits:   [0x0000000014510000, 0x0000000016480000)

Polling page: 0x0000000000830000

CodeCache: size=245760Kb used=1134Kb max_used=1142Kb free=244625Kb
 bounds [0x0000000002750000, 0x00000000029c0000, 0x0000000011750000]
 total_blobs=267 nmethods=40 adapters=148
 compilation: enabled

Compilation events (10 events):
Event: 0.246 Thread 0x00000000185b4800   36       1       java.nio.Buffer::limit (5 bytes)
Event: 0.246 Thread 0x00000000185b4800 nmethod 36 0x0000000002869f10 code [0x000000000286a060, 0x000000000286a170]
Event: 0.246 Thread 0x00000000185b4800   37       1       java.net.URL::getProtocol (5 bytes)
Event: 0.246 Thread 0x00000000185b4800 nmethod 37 0x000000000286a1d0 code [0x000000000286a320, 0x000000000286a430]
Event: 0.248 Thread 0x00000000185b4800   38       3       java.lang.StringBuilder::toString (17 bytes)
Event: 0.249 Thread 0x00000000185b4800 nmethod 38 0x000000000286a490 code [0x000000000286a600, 0x000000000286a808]
Event: 0.255 Thread 0x00000000185ae800   39       4       sun.nio.cs.ext.DoubleByte$Encoder::encodeChar (21 bytes)
Event: 0.257 Thread 0x00000000185ae800 nmethod 39 0x000000000286d650 code [0x000000000286d7a0, 0x000000000286d8f8]
Event: 0.257 Thread 0x00000000185b4800   40       3       java.io.WinNTFileSystem::normalize (143 bytes)
Event: 0.258 Thread 0x00000000185b4800 nmethod 40 0x000000000286c7d0 code [0x000000000286c9c0, 0x000000000286d248]

GC Heap History (0 events):
No events

Deoptimization events (0 events):
No events

Internal exceptions (2 events):
Event: 0.036 Thread 0x0000000002652800 Exception <a 'java/lang/NoSuchMethodError': Method sun.misc.Unsafe.defineClass(Ljava/lang/String;[BII)Ljava/lang/Class; name or signature does not match> (0x00000000d6187ca8) thrown at [C:\re\workspace\8-2-build-windows-amd64-cygwin\jdk8u131\8869\hotspot\
Event: 0.036 Thread 0x0000000002652800 Exception <a 'java/lang/NoSuchMethodError': Method sun.misc.Unsafe.prefetchRead(Ljava/lang/Object;J)V name or signature does not match> (0x00000000d6187f90) thrown at [C:\re\workspace\8-2-build-windows-amd64-cygwin\jdk8u131\8869\hotspot\src\share\vm\prims

Events (10 events):
Event: 0.251 Executing VM operation: ChangeBreakpoints
Event: 0.251 Executing VM operation: ChangeBreakpoints done
Event: 0.253 Executing VM operation: ChangeBreakpoints
Event: 0.253 Executing VM operation: ChangeBreakpoints done
Event: 0.255 loading class java/lang/Void
Event: 0.255 loading class java/lang/Void done
Event: 0.256 loading class java/lang/ClassLoaderHelper
Event: 0.256 loading class java/lang/ClassLoaderHelper done
Event: 4.267 Executing VM operation: EnableBiasedLocking
Event: 4.267 Executing VM operation: EnableBiasedLocking done


Dynamic libraries:
0x00007ff7f1370000 - 0x00007ff7f13a7000 	C:\Program Files\Java\jdk1.8.0_131\bin\javaw.exe
0x00007ffeb10a0000 - 0x00007ffeb1272000 	C:\Windows\SYSTEM32\ntdll.dll
0x00007ffeb0eb0000 - 0x00007ffeb0f5c000 	C:\Windows\System32\KERNEL32.DLL
0x00007ffeadc60000 - 0x00007ffeade7d000 	C:\Windows\System32\KERNELBASE.dll
0x00007ffeaee70000 - 0x00007ffeaef12000 	C:\Windows\System32\ADVAPI32.dll
0x00007ffeae7d0000 - 0x00007ffeae86e000 	C:\Windows\System32\msvcrt.dll
0x00007ffeb0e50000 - 0x00007ffeb0ea9000 	C:\Windows\System32\sechost.dll
0x00007ffeb0bf0000 - 0x00007ffeb0d11000 	C:\Windows\System32\RPCRT4.dll
0x00007ffeb0a80000 - 0x00007ffeb0be5000 	C:\Windows\System32\USER32.dll
0x00007ffeae610000 - 0x00007ffeae62e000 	C:\Windows\System32\win32u.dll
0x00007ffeaef20000 - 0x00007ffeaef54000 	C:\Windows\System32\GDI32.dll
0x00007ffead600000 - 0x00007ffead780000 	C:\Windows\System32\gdi32full.dll
0x00007ffea2980000 - 0x00007ffea2bfa000 	C:\Windows\WinSxS\amd64_microsoft.windows.common-controls_6595b64144ccf1df_6.0.14393.953_none_42151e83c686086b\COMCTL32.dll
0x00007ffeb07b0000 - 0x00007ffeb0a78000 	C:\Windows\System32\combase.dll
0x00007ffead780000 - 0x00007ffead875000 	C:\Windows\System32\ucrtbase.dll
0x00007ffead880000 - 0x00007ffead8ea000 	C:\Windows\System32\bcryptPrimitives.dll
0x00007ffeaeda0000 - 0x00007ffeaedce000 	C:\Windows\System32\IMM32.DLL
0x0000000065be0000 - 0x0000000065cb2000 	C:\Program Files\Java\jdk1.8.0_131\jre\bin\msvcr100.dll
0x0000000064380000 - 0x0000000064c1c000 	C:\Program Files\Java\jdk1.8.0_131\jre\bin\server\jvm.dll
0x00007ffeb1090000 - 0x00007ffeb1098000 	C:\Windows\System32\PSAPI.DLL
0x00007ffea4c30000 - 0x00007ffea4c3a000 	C:\Windows\SYSTEM32\VERSION.dll
0x00007ffe983d0000 - 0x00007ffe983d9000 	C:\Windows\SYSTEM32\WSOCK32.dll
0x00007ffeab230000 - 0x00007ffeab253000 	C:\Windows\SYSTEM32\WINMM.dll
0x00007ffeb1020000 - 0x00007ffeb108a000 	C:\Windows\System32\WS2_32.dll
0x0000000001fb0000 - 0x0000000001fdb000 	C:\Windows\SYSTEM32\WINMMBASE.dll
0x00007ffeadb60000 - 0x00007ffeadba2000 	C:\Windows\System32\cfgmgr32.dll
0x0000000066890000 - 0x000000006689f000 	C:\Program Files\Java\jdk1.8.0_131\jre\bin\verify.dll
0x0000000065bb0000 - 0x0000000065bd9000 	C:\Program Files\Java\jdk1.8.0_131\jre\bin\java.dll
0x0000000065b70000 - 0x0000000065ba5000 	C:\Program Files\Java\jdk1.8.0_131\jre\bin\jdwp.dll
0x0000000065b60000 - 0x0000000065b68000 	C:\Program Files\Java\jdk1.8.0_131\jre\bin\npt.dll
0x0000000065b40000 - 0x0000000065b56000 	C:\Program Files\Java\jdk1.8.0_131\jre\bin\zip.dll
0x00007ffeaf280000 - 0x00007ffeb0789000 	C:\Windows\System32\SHELL32.dll
0x00007ffeade80000 - 0x00007ffeae559000 	C:\Windows\System32\windows.storage.dll
0x00007ffead540000 - 0x00007ffead58c000 	C:\Windows\System32\powrprof.dll
0x00007ffeb0d20000 - 0x00007ffeb0d72000 	C:\Windows\System32\shlwapi.dll
0x00007ffead530000 - 0x00007ffead53f000 	C:\Windows\System32\kernel.appcore.dll
0x00007ffeae560000 - 0x00007ffeae609000 	C:\Windows\System32\shcore.dll
0x00007ffead510000 - 0x00007ffead524000 	C:\Windows\System32\profapi.dll
0x0000000065b30000 - 0x0000000065b39000 	C:\Program Files\Java\jdk1.8.0_131\jre\bin\dt_socket.dll
0x00007ffe88c40000 - 0x00007ffe88c56000 	C:\Windows\system32\napinsp.dll
0x00007ffe969b0000 - 0x00007ffe969ca000 	C:\Windows\system32\pnrpnsp.dll
0x00007ffeab180000 - 0x00007ffeab198000 	C:\Windows\system32\NLAapi.dll
0x00007ffeace10000 - 0x00007ffeace6c000 	C:\Windows\System32\mswsock.dll
0x00007ffeacbd0000 - 0x00007ffeacc71000 	C:\Windows\SYSTEM32\DNSAPI.dll
0x00007ffeaf0d0000 - 0x00007ffeaf0d8000 	C:\Windows\System32\NSI.dll
0x00007ffeacb90000 - 0x00007ffeacbc8000 	C:\Windows\SYSTEM32\IPHLPAPI.DLL
0x00007ffea8890000 - 0x00007ffea889e000 	C:\Windows\System32\winrnr.dll
0x00007ffe8a660000 - 0x00007ffe8a675000 	C:\Windows\System32\wshbth.dll
0x00007ffea4720000 - 0x00007ffea478a000 	C:\Windows\System32\fwpuclnt.dll
0x00007ffead0c0000 - 0x00007ffead0eb000 	C:\Windows\SYSTEM32\bcrypt.dll
0x00007ffe9ac30000 - 0x00007ffe9ac3a000 	C:\Windows\System32\rasadhlp.dll
0x00007ffeabb20000 - 0x00007ffeabb27000 	C:\Program Files\Java\jdk1.8.0_131\bin\hello.dll
0x00007ffea8f20000 - 0x00007ffea900f000 	C:\Windows\SYSTEM32\MSVCR120.dll
0x00007ffe84790000 - 0x00007ffe84cf8000 	C:\Windows\SYSTEM32\mfc120u.dll
0x00007ffeaf140000 - 0x00007ffeaf278000 	C:\Windows\System32\ole32.dll
0x00007ffeb0f60000 - 0x00007ffeb101f000 	C:\Windows\System32\OLEAUT32.dll
0x00007ffead8f0000 - 0x00007ffead98c000 	C:\Windows\System32\msvcp_win.dll
0x00007ffeabc90000 - 0x00007ffeabd25000 	C:\Windows\SYSTEM32\UxTheme.dll
0x00007ffea36f0000 - 0x00007ffea3882000 	C:\Windows\SYSTEM32\dbghelp.dll

VM Arguments:
jvm_args: -agentlib:jdwp=transport=dt_socket,suspend=y,address=localhost:2850 -Dfile.encoding=GBK 
java_command: com.testnative.HelloWorld
java_class_path (initial): C:\Program Files\Java\jdk1.8.0_131\jre\lib\resources.jar;C:\Program Files\Java\jdk1.8.0_131\jre\lib\rt.jar;C:\Program Files\Java\jdk1.8.0_131\jre\lib\jsse.jar;C:\Program Files\Java\jdk1.8.0_131\jre\lib\jce.jar;C:\Program Files\Java\jdk1.8.0_131\jre\lib\charsets.jar;C:\Program Files\Java\jdk1.8.0_131\jre\lib\jfr.jar;C:\Program Files\Java\jdk1.8.0_131\jre\lib\ext\access-bridge-64.jar;C:\Program Files\Java\jdk1.8.0_131\jre\lib\ext\cldrdata.jar;C:\Program Files\Java\jdk1.8.0_131\jre\lib\ext\dnsns.jar;C:\Program Files\Java\jdk1.8.0_131\jre\lib\ext\jaccess.jar;C:\Program Files\Java\jdk1.8.0_131\jre\lib\ext\jfxrt.jar;C:\Program Files\Java\jdk1.8.0_131\jre\lib\ext\localedata.jar;C:\Program Files\Java\jdk1.8.0_131\jre\lib\ext\nashorn.jar;C:\Program Files\Java\jdk1.8.0_131\jre\lib\ext\sunec.jar;C:\Program Files\Java\jdk1.8.0_131\jre\lib\ext\sunjce_provider.jar;C:\Program Files\Java\jdk1.8.0_131\jre\lib\ext\sunmscapi.jar;C:\Program Files\Java\jdk1.8.0_131\jre\lib\ext\sunpkcs11.jar;C:\Program Files\Java\jdk1.8.0_131\jre\lib\ext\zipfs.jar;D:\java\EJB\jpa\build\classes;D:\java\EJB\jpalib\antlr-2.7.7.jar;D:\java\EJB\jpalib\dom4j-1.6.1.jar;D:\java\EJB\jpalib\ehcache-core-2.5.0.jar;D:\java\EJB\jpalib\hibernate-commons-annotations-5.0.1.Final.jar;D:\java\EJB\jpalib\hibernate-core-5.1.0.Final.jar;D:\java\EJB\jpalib\hibernate-ehcache-5.2.6.Final.jar;D:\java\EJB\jpalib\hibernate-entitymanager-5.1.0.Final.jar;D:\java\EJB\jpalib\hibernate-jpa-2.1-api-1.0.0.Final.jar;D:\java\EJB\jpalib\javassist-3.20.0-GA.jar;D:\java\EJB\jpalib\jboss-logging-3.3.0.Final.jar;D:\java\EJB\jpalib\jboss-transaction-api_1.1_spec-1.0.1.Final.jar;D:\java\EJB\jpalib\mysql-connector-java-5.1.7-bin.jar;D:\java\EJB\jpalib\slf4j-api-1.7.5.jar;D:\java\EJB\jpalib\Oracle12.jar;D:\java\EJB\jpalib\classmate-1.0.0.jar
Launcher Type: SUN_STANDARD

Environment Variables:
JAVA_HOME=C:\Program Files\Java\jdk1.8.0_131
PATH=C:\Program Files\Java\jdk1.8.0_131\jre\bin;C:\Perl\site\bin;C:\Perl\bin;C:\ProgramData\Oracle\Java\javapath;C:\Program Files (x86)\Intel\iCLS Client\;C:\Program Files\Java\jdk1.8.0_131\bin;C:\Program Files\Intel\iCLS Client\;C:\Windows\system32;C:\Windows;C:\Windows\System32\Wbem;C:\Windows\System32\WindowsPowerShell\v1.0\;C:\Program Files\Intel\WiFi\bin\;C:\Program Files\Common Files\Intel\WirelessCommon\;D:\PLATFORM\BASESOFT\VPN\bin;D:\PLATFORM\BASESOFT\SVN\bin;C:\Program Files (x86)\Intel\Intel(R) Management Engine Components\DAL;C:\Program Files\Intel\Intel(R) Management Engine Components\DAL;C:\Program Files (x86)\Intel\Intel(R) Management Engine Components\IPT;C:\Program Files\Intel\Intel(R) Management Engine Components\IPT;C:\apache-maven-3.5.3\bin;D:\soft\jboss-4.2.2.GA\bin;C:\Users\Lenovo\AppData\Local\Programs\Python\Python36;C:\Users\Lenovo\AppData\Local\Microsoft\WindowsApps;
USERNAME=Lenovo
OS=Windows_NT
PROCESSOR_IDENTIFIER=Intel64 Family 6 Model 142 Stepping 9, GenuineIntel



---------------  S Y S T E M  ---------------

OS: Windows 10.0 , 64 bit Build 14393 (10.0.14393.2214)

CPU:total 4 (initial active 4) (2 cores per cpu, 2 threads per core) family 6 model 142 stepping 9, cmov, cx8, fxsr, mmx, sse, sse2, sse3, ssse3, sse4.1, sse4.2, popcnt, avx, avx2, aes, clmul, erms, 3dnowpref, lzcnt, ht, tsc, tscinvbit, bmi1, bmi2, adx

Memory: 4k page, physical 8239812k(3226796k free), swap 9616068k(3271272k free)

vm_info: Java HotSpot(TM) 64-Bit Server VM (25.131-b11) for windows-amd64 JRE (1.8.0_131-b11), built on Mar 15 2017 01:23:53 by "java_re" with MS VC++ 10.0 (VS2010)

time: Fri Nov 23 19:39:44 2018
elapsed time: 10 seconds (0d 0h 0m 10s)

