#
# A fatal error has been detected by the Java Runtime Environment:
#
#  EXCEPTION_ACCESS_VIOLATION (0xc0000005) at pc=0x0000000003664a83, pid=2692, tid=0x0000000000003228
#
# JRE version: Java(TM) SE Runtime Environment (8.0_131-b11) (build 1.8.0_131-b11)
# Java VM: Java HotSpot(TM) 64-Bit Server VM (25.131-b11 mixed mode windows-amd64 compressed oops)
# Problematic frame:
# J 28 C1 java.lang.AbstractStringBuilder.append(Ljava/lang/String;)Ljava/lang/AbstractStringBuilder; (50 bytes) @ 0x0000000003664a83 [0x00000000036649e0+0xa3]
#
# Failed to write core dump. Minidumps are not enabled by default on client versions of Windows
#
# If you would like to submit a bug report, please visit:
#   http://bugreport.java.com/bugreport/crash.jsp
#

---------------  T H R E A D  ---------------

Current thread (0x00000000030ae000):  JavaThread "main" [_thread_in_Java, id=12840, stack(0x0000000002f90000,0x0000000003090000)]

siginfo: ExceptionCode=0xc0000005, reading address 0xffffffffffffffff

Registers:
RAX=0x00000000176e7960, RBX=0x000000000000017c, RCX=0x00000000d625c738, RDX=0x00000000d625c738
RSP=0x000000000308f4e0, RBP=0x000000000308f678, RSI=0x000000001787def8, RDI=0x0000000000000108
R8 =0xfdc9a1b6c7cad2ce, R9 =0x00000000030a7930, R10=0x0000000064b7e110, R11=0x00000000036664a0
R12=0x0000000000000000, R13=0x000000000308f620, R14=0x000000000308f690, R15=0x00000000030ae000
RIP=0x0000000003664a83, EFLAGS=0x0000000000010282

Top of Stack: (sp=0x000000000308f4e0)
0x000000000308f4e0:   fffffffe00000000 0000000000000000
0x000000000308f4f0:   0000000000000000 00000000644afa00
0x000000000308f500:   0000000017a70550 00000000030ae000
0x000000000308f510:   00000000030ae000 00000000030ae000
0x000000000308f520:   0000000017a70070 00000000030ae000
0x000000000308f530:   00000000030ae9a8 0000000017a70520
0x000000000308f540:   00000000000000b6 0000000017a70550
0x000000000308f550:   00000000030ae000 00000000176e776a
0x000000000308f560:   000000000308f608 00000000176e7960
0x000000000308f570:   00000000030ae000 00000000000000b6
0x000000000308f580:   000000000308f608 0000000017a70550
0x000000000308f590:   00000000030ae000 00000000d625c738
0x000000000308f5a0:   000000000308f608 00000000030ae000
0x000000000308f5b0:   000000000308f690 0000000017a70520
0x000000000308f5c0:   000000000308f678 0000000003666504
0x000000000308f5d0:   0000000000000003 00000000000000b6 

Instructions: (pc=0x0000000003664a83)
0x0000000003664a63:   0a 00 00 00 48 bf 18 01 00 00 00 00 00 00 48 8b
0x0000000003664a73:   1c 3e 48 8d 5b 01 48 89 1c 3e 0f 84 c0 04 00 00
0x0000000003664a83:   49 3b 00 49 8b f0 48 bf f8 de 87 17 00 00 00 00
0x0000000003664a93:   8b 76 08 48 c1 e6 03 48 3b b7 40 01 00 00 75 0d 


Register to memory mapping:

RAX={method} {0x00000000176e7968} 'append' '(Ljava/lang/String;)Ljava/lang/StringBuilder;' in 'java/lang/StringBuilder'
RBX=0x000000000000017c is an unknown value
RCX=0x00000000d625c738 is an oop
java.lang.StringBuilder 
 - klass: 'java/lang/StringBuilder'
RDX=0x00000000d625c738 is an oop
java.lang.StringBuilder 
 - klass: 'java/lang/StringBuilder'
RSP=0x000000000308f4e0 is pointing into the stack for thread: 0x00000000030ae000
RBP=0x000000000308f678 is pointing into the stack for thread: 0x00000000030ae000
RSI=0x000000001787def8 is pointing into metadata
RDI=0x0000000000000108 is an unknown value
R8 =0xfdc9a1b6c7cad2ce is an unknown value
R9 =0x00000000030a7930 is an unknown value
R10=0x0000000064b7e110 is an unknown value
R11=0x00000000036664a0 is at entry_point+32 in (nmethod*)0x0000000003666310
R12=0x0000000000000000 is an unknown value
R13=0x000000000308f620 is pointing into the stack for thread: 0x00000000030ae000
R14=0x000000000308f690 is pointing into the stack for thread: 0x00000000030ae000
R15=0x00000000030ae000 is a thread


Stack: [0x0000000002f90000,0x0000000003090000],  sp=0x000000000308f4e0,  free space=1021k
Native frames: (J=compiled Java code, j=interpreted, Vv=VM code, C=native code)
C  0x0000000003664a83


---------------  P R O C E S S  ---------------

Java Threads: ( => current thread )
  0x000000001944b800 JavaThread "Service Thread" daemon [_thread_blocked, id=5836, stack(0x0000000019cc0000,0x0000000019dc0000)]
  0x00000000193cd000 JavaThread "C1 CompilerThread2" daemon [_thread_blocked, id=14088, stack(0x0000000019bc0000,0x0000000019cc0000)]
  0x00000000193ca000 JavaThread "C2 CompilerThread1" daemon [_thread_blocked, id=5032, stack(0x0000000019ac0000,0x0000000019bc0000)]
  0x000000001806d000 JavaThread "C2 CompilerThread0" daemon [_thread_blocked, id=1600, stack(0x00000000199c0000,0x0000000019ac0000)]
  0x00000000193c8800 JavaThread "Attach Listener" daemon [_thread_blocked, id=3232, stack(0x00000000198c0000,0x00000000199c0000)]
  0x000000001801f000 JavaThread "Signal Dispatcher" daemon [_thread_blocked, id=1812, stack(0x00000000197c0000,0x00000000198c0000)]
  0x000000000354d800 JavaThread "Finalizer" daemon [_thread_blocked, id=12228, stack(0x0000000019260000,0x0000000019360000)]
  0x0000000003542000 JavaThread "Reference Handler" daemon [_thread_blocked, id=11932, stack(0x0000000019160000,0x0000000019260000)]
=>0x00000000030ae000 JavaThread "main" [_thread_in_Java, id=12840, stack(0x0000000002f90000,0x0000000003090000)]

Other Threads:
  0x0000000017fd7000 VMThread [stack: 0x0000000019060000,0x0000000019160000] [id=13336]
  0x000000001949d000 WatcherThread [stack: 0x0000000019dc0000,0x0000000019ec0000] [id=14328]

VM state:not at safepoint (normal execution)

VM Mutex/Monitor currently owned by a thread: None

Heap:
 PSYoungGen      total 37888K, used 1966K [0x00000000d6180000, 0x00000000d8b80000, 0x0000000100000000)
  eden space 32768K, 6% used [0x00000000d6180000,0x00000000d636b908,0x00000000d8180000)
  from space 5120K, 0% used [0x00000000d8680000,0x00000000d8680000,0x00000000d8b80000)
  to   space 5120K, 0% used [0x00000000d8180000,0x00000000d8180000,0x00000000d8680000)
 ParOldGen       total 86016K, used 0K [0x0000000082400000, 0x0000000087800000, 0x00000000d6180000)
  object space 86016K, 0% used [0x0000000082400000,0x0000000082400000,0x0000000087800000)
 Metaspace       used 2789K, capacity 4486K, committed 4864K, reserved 1056768K
  class space    used 301K, capacity 386K, committed 512K, reserved 1048576K

Card table byte_map: [0x0000000012910000,0x0000000012d00000] byte_map_base: 0x00000000124fe000

Marking Bits: (ParMarkBitMap*) 0x0000000064b9c720
 Begin Bits: [0x00000000133a0000, 0x0000000015310000)
 End Bits:   [0x0000000015310000, 0x0000000017280000)

Polling page: 0x0000000002f30000

CodeCache: size=245760Kb used=1138Kb max_used=1146Kb free=244621Kb
 bounds [0x0000000003550000, 0x00000000037c0000, 0x0000000012550000]
 total_blobs=276 nmethods=41 adapters=148
 compilation: enabled

Compilation events (10 events):
Event: 0.112 Thread 0x00000000193cd000   37       1       java.net.URL::getProtocol (5 bytes)
Event: 0.112 Thread 0x00000000193cd000 nmethod 37 0x000000000366a5d0 code [0x000000000366a720, 0x000000000366a830]
Event: 0.112 Thread 0x00000000193cd000   38       3       java.lang.String::indexOf (166 bytes)
Event: 0.113 Thread 0x00000000193cd000 nmethod 38 0x000000000366a890 code [0x000000000366aa40, 0x000000000366b090]
Event: 0.115 Thread 0x00000000193cd000   39       3       java.lang.StringBuilder::toString (17 bytes)
Event: 0.115 Thread 0x00000000193cd000 nmethod 39 0x000000000366b450 code [0x000000000366b5c0, 0x000000000366b7c8]
Event: 0.115 Thread 0x000000001806d000   40       4       sun.nio.cs.ext.DoubleByte$Encoder::encodeChar (21 bytes)
Event: 0.116 Thread 0x000000001806d000 nmethod 40 0x000000000366e590 code [0x000000000366e6e0, 0x000000000366e7d8]
Event: 0.116 Thread 0x00000000193cd000   41       3       java.io.WinNTFileSystem::normalize (143 bytes)
Event: 0.117 Thread 0x00000000193cd000 nmethod 41 0x000000000366d7d0 code [0x000000000366d9c0, 0x000000000366e1e8]

GC Heap History (0 events):
No events

Deoptimization events (0 events):
No events

Internal exceptions (2 events):
Event: 0.034 Thread 0x00000000030ae000 Exception <a 'java/lang/NoSuchMethodError': Method sun.misc.Unsafe.defineClass(Ljava/lang/String;[BII)Ljava/lang/Class; name or signature does not match> (0x00000000d6187ca8) thrown at [C:\re\workspace\8-2-build-windows-amd64-cygwin\jdk8u131\8869\hotspot\
Event: 0.034 Thread 0x00000000030ae000 Exception <a 'java/lang/NoSuchMethodError': Method sun.misc.Unsafe.prefetchRead(Ljava/lang/Object;J)V name or signature does not match> (0x00000000d6187f90) thrown at [C:\re\workspace\8-2-build-windows-amd64-cygwin\jdk8u131\8869\hotspot\src\share\vm\prims

Events (10 events):
Event: 0.114 loading class java/security/BasicPermissionCollection
Event: 0.114 loading class java/security/BasicPermissionCollection done
Event: 0.115 loading class sun/launcher/LauncherHelper$FXHelper
Event: 0.115 loading class sun/launcher/LauncherHelper$FXHelper done
Event: 0.115 loading class java/lang/Class$MethodArray
Event: 0.115 loading class java/lang/Class$MethodArray done
Event: 0.115 loading class java/lang/Void
Event: 0.115 loading class java/lang/Void done
Event: 0.116 loading class java/lang/ClassLoaderHelper
Event: 0.116 loading class java/lang/ClassLoaderHelper done


Dynamic libraries:
0x00007ff7f1370000 - 0x00007ff7f13a7000 	C:\Program Files\Java\jdk1.8.0_131\bin\javaw.exe
0x00007ffeb10a0000 - 0x00007ffeb1272000 	C:\Windows\SYSTEM32\ntdll.dll
0x00007ffeb0eb0000 - 0x00007ffeb0f5c000 	C:\Windows\System32\KERNEL32.DLL
0x00007ffeadc60000 - 0x00007ffeade7d000 	C:\Windows\System32\KERNELBASE.dll
0x00007ffeaee70000 - 0x00007ffeaef12000 	C:\Windows\System32\ADVAPI32.dll
0x00007ffeae7d0000 - 0x00007ffeae86e000 	C:\Windows\System32\msvcrt.dll
0x00007ffeb0e50000 - 0x00007ffeb0ea9000 	C:\Windows\System32\sechost.dll
0x00007ffeb0bf0000 - 0x00007ffeb0d11000 	C:\Windows\System32\RPCRT4.dll
0x00007ffeb0a80000 - 0x00007ffeb0be5000 	C:\Windows\System32\USER32.dll
0x00007ffeae610000 - 0x00007ffeae62e000 	C:\Windows\System32\win32u.dll
0x00007ffeaef20000 - 0x00007ffeaef54000 	C:\Windows\System32\GDI32.dll
0x00007ffead600000 - 0x00007ffead780000 	C:\Windows\System32\gdi32full.dll
0x00007ffea2980000 - 0x00007ffea2bfa000 	C:\Windows\WinSxS\amd64_microsoft.windows.common-controls_6595b64144ccf1df_6.0.14393.953_none_42151e83c686086b\COMCTL32.dll
0x00007ffeb07b0000 - 0x00007ffeb0a78000 	C:\Windows\System32\combase.dll
0x00007ffead780000 - 0x00007ffead875000 	C:\Windows\System32\ucrtbase.dll
0x00007ffead880000 - 0x00007ffead8ea000 	C:\Windows\System32\bcryptPrimitives.dll
0x00007ffeaeda0000 - 0x00007ffeaedce000 	C:\Windows\System32\IMM32.DLL
0x0000000065be0000 - 0x0000000065cb2000 	C:\Program Files\Java\jdk1.8.0_131\jre\bin\msvcr100.dll
0x0000000064380000 - 0x0000000064c1c000 	C:\Program Files\Java\jdk1.8.0_131\jre\bin\server\jvm.dll
0x00007ffeb1090000 - 0x00007ffeb1098000 	C:\Windows\System32\PSAPI.DLL
0x00007ffe983d0000 - 0x00007ffe983d9000 	C:\Windows\SYSTEM32\WSOCK32.dll
0x00007ffeab230000 - 0x00007ffeab253000 	C:\Windows\SYSTEM32\WINMM.dll
0x00007ffea4c30000 - 0x00007ffea4c3a000 	C:\Windows\SYSTEM32\VERSION.dll
0x00007ffeb1020000 - 0x00007ffeb108a000 	C:\Windows\System32\WS2_32.dll
0x0000000002f60000 - 0x0000000002f8b000 	C:\Windows\SYSTEM32\WINMMBASE.dll
0x00007ffeadb60000 - 0x00007ffeadba2000 	C:\Windows\System32\cfgmgr32.dll
0x0000000066890000 - 0x000000006689f000 	C:\Program Files\Java\jdk1.8.0_131\jre\bin\verify.dll
0x0000000065bb0000 - 0x0000000065bd9000 	C:\Program Files\Java\jdk1.8.0_131\jre\bin\java.dll
0x0000000065b90000 - 0x0000000065ba6000 	C:\Program Files\Java\jdk1.8.0_131\jre\bin\zip.dll
0x00007ffeaf280000 - 0x00007ffeb0789000 	C:\Windows\System32\SHELL32.dll
0x00007ffeade80000 - 0x00007ffeae559000 	C:\Windows\System32\windows.storage.dll
0x00007ffead540000 - 0x00007ffead58c000 	C:\Windows\System32\powrprof.dll
0x00007ffeb0d20000 - 0x00007ffeb0d72000 	C:\Windows\System32\shlwapi.dll
0x00007ffead530000 - 0x00007ffead53f000 	C:\Windows\System32\kernel.appcore.dll
0x00007ffeae560000 - 0x00007ffeae609000 	C:\Windows\System32\shcore.dll
0x00007ffead510000 - 0x00007ffead524000 	C:\Windows\System32\profapi.dll
0x00007ffeabb20000 - 0x00007ffeabb27000 	C:\Program Files\Java\jdk1.8.0_131\bin\hello.dll
0x00007ffe84790000 - 0x00007ffe84cf8000 	C:\Windows\SYSTEM32\mfc120u.dll
0x00007ffea8f20000 - 0x00007ffea900f000 	C:\Windows\SYSTEM32\MSVCR120.dll
0x00007ffeaf140000 - 0x00007ffeaf278000 	C:\Windows\System32\ole32.dll
0x00007ffeb0f60000 - 0x00007ffeb101f000 	C:\Windows\System32\OLEAUT32.dll
0x00007ffead8f0000 - 0x00007ffead98c000 	C:\Windows\System32\msvcp_win.dll
0x00007ffeabc90000 - 0x00007ffeabd25000 	C:\Windows\SYSTEM32\UxTheme.dll
0x00007ffea36f0000 - 0x00007ffea3882000 	C:\Windows\SYSTEM32\dbghelp.dll

VM Arguments:
jvm_args: -Dfile.encoding=GBK 
java_command: com.testnative.HelloWorld
java_class_path (initial): C:\Program Files\Java\jdk1.8.0_131\jre\lib\resources.jar;C:\Program Files\Java\jdk1.8.0_131\jre\lib\rt.jar;C:\Program Files\Java\jdk1.8.0_131\jre\lib\jsse.jar;C:\Program Files\Java\jdk1.8.0_131\jre\lib\jce.jar;C:\Program Files\Java\jdk1.8.0_131\jre\lib\charsets.jar;C:\Program Files\Java\jdk1.8.0_131\jre\lib\jfr.jar;C:\Program Files\Java\jdk1.8.0_131\jre\lib\ext\access-bridge-64.jar;C:\Program Files\Java\jdk1.8.0_131\jre\lib\ext\cldrdata.jar;C:\Program Files\Java\jdk1.8.0_131\jre\lib\ext\dnsns.jar;C:\Program Files\Java\jdk1.8.0_131\jre\lib\ext\jaccess.jar;C:\Program Files\Java\jdk1.8.0_131\jre\lib\ext\jfxrt.jar;C:\Program Files\Java\jdk1.8.0_131\jre\lib\ext\localedata.jar;C:\Program Files\Java\jdk1.8.0_131\jre\lib\ext\nashorn.jar;C:\Program Files\Java\jdk1.8.0_131\jre\lib\ext\sunec.jar;C:\Program Files\Java\jdk1.8.0_131\jre\lib\ext\sunjce_provider.jar;C:\Program Files\Java\jdk1.8.0_131\jre\lib\ext\sunmscapi.jar;C:\Program Files\Java\jdk1.8.0_131\jre\lib\ext\sunpkcs11.jar;C:\Program Files\Java\jdk1.8.0_131\jre\lib\ext\zipfs.jar;D:\java\EJB\jpa\build\classes;D:\java\EJB\jpalib\antlr-2.7.7.jar;D:\java\EJB\jpalib\dom4j-1.6.1.jar;D:\java\EJB\jpalib\ehcache-core-2.5.0.jar;D:\java\EJB\jpalib\hibernate-commons-annotations-5.0.1.Final.jar;D:\java\EJB\jpalib\hibernate-core-5.1.0.Final.jar;D:\java\EJB\jpalib\hibernate-ehcache-5.2.6.Final.jar;D:\java\EJB\jpalib\hibernate-entitymanager-5.1.0.Final.jar;D:\java\EJB\jpalib\hibernate-jpa-2.1-api-1.0.0.Final.jar;D:\java\EJB\jpalib\javassist-3.20.0-GA.jar;D:\java\EJB\jpalib\jboss-logging-3.3.0.Final.jar;D:\java\EJB\jpalib\jboss-transaction-api_1.1_spec-1.0.1.Final.jar;D:\java\EJB\jpalib\mysql-connector-java-5.1.7-bin.jar;D:\java\EJB\jpalib\slf4j-api-1.7.5.jar;D:\java\EJB\jpalib\Oracle12.jar;D:\java\EJB\jpalib\classmate-1.0.0.jar
Launcher Type: SUN_STANDARD

Environment Variables:
JAVA_HOME=C:\Program Files\Java\jdk1.8.0_131
PATH=C:\Perl\site\bin;C:\Perl\bin;C:\ProgramData\Oracle\Java\javapath;C:\Program Files (x86)\Intel\iCLS Client\;C:\Program Files\Java\jdk1.8.0_131\bin;C:\Program Files\Intel\iCLS Client\;C:\Windows\system32;C:\Windows;C:\Windows\System32\Wbem;C:\Windows\System32\WindowsPowerShell\v1.0\;C:\Program Files\Intel\WiFi\bin\;C:\Program Files\Common Files\Intel\WirelessCommon\;D:\PLATFORM\BASESOFT\VPN\bin;D:\PLATFORM\BASESOFT\SVN\bin;C:\Program Files (x86)\Intel\Intel(R) Management Engine Components\DAL;C:\Program Files\Intel\Intel(R) Management Engine Components\DAL;C:\Program Files (x86)\Intel\Intel(R) Management Engine Components\IPT;C:\Program Files\Intel\Intel(R) Management Engine Components\IPT;C:\apache-maven-3.5.3\bin;D:\soft\jboss-4.2.2.GA\bin;C:\Users\Lenovo\AppData\Local\Programs\Python\Python36;C:\Users\Lenovo\AppData\Local\Microsoft\WindowsApps;
USERNAME=Lenovo
OS=Windows_NT
PROCESSOR_IDENTIFIER=Intel64 Family 6 Model 142 Stepping 9, GenuineIntel



---------------  S Y S T E M  ---------------

OS: Windows 10.0 , 64 bit Build 14393 (10.0.14393.2214)

CPU:total 4 (initial active 4) (2 cores per cpu, 2 threads per core) family 6 model 142 stepping 9, cmov, cx8, fxsr, mmx, sse, sse2, sse3, ssse3, sse4.1, sse4.2, popcnt, avx, avx2, aes, clmul, erms, 3dnowpref, lzcnt, ht, tsc, tscinvbit, bmi1, bmi2, adx

Memory: 4k page, physical 8239812k(3263368k free), swap 9616068k(3373344k free)

vm_info: Java HotSpot(TM) 64-Bit Server VM (25.131-b11) for windows-amd64 JRE (1.8.0_131-b11), built on Mar 15 2017 01:23:53 by "java_re" with MS VC++ 10.0 (VS2010)

time: Fri Nov 23 19:19:14 2018
elapsed time: 0 seconds (0d 0h 0m 0s)

