#
# A fatal error has been detected by the Java Runtime Environment:
#
#  EXCEPTION_ACCESS_VIOLATION (0xc0000005) at pc=0x00007ffeabb21111, pid=9672, tid=0x0000000000001a54
#
# JRE version: Java(TM) SE Runtime Environment (8.0_131-b11) (build 1.8.0_131-b11)
# Java VM: Java HotSpot(TM) 64-Bit Server VM (25.131-b11 mixed mode windows-amd64 compressed oops)
# Problematic frame:
# C  [hello.dll+0x1111]  Java_com_testnative_HelloWorld_displayHelloWorld+0x11
#
# Failed to write core dump. Minidumps are not enabled by default on client versions of Windows
#
# If you would like to submit a bug report, please visit:
#   http://bugreport.java.com/bugreport/crash.jsp
# The crash happened outside the Java Virtual Machine in native code.
# See problematic frame for where to report the bug.
#

---------------  T H R E A D  ---------------

Current thread (0x00000000033fe000):  JavaThread "main" [_thread_in_native, id=6740, stack(0x0000000003400000,0x0000000003500000)]

siginfo: ExceptionCode=0xc0000005, writing address 0x0000000000000005

Registers:
RAX=0x000000000000000d, RBX=0x0000000017b20488, RCX=0x00000000ffffffff, RDX=0x00007ffea8ffc4a0
RSP=0x00000000034ff500, RBP=0x00000000034ff5a0, RSI=0x0000000020200021, RDI=0x00000000ffffffff
R8 =0x00000000034ff1f0, R9 =0x00007ffea8f20000, R10=0x0000000000000000, R11=0x0000000000000200
R12=0x0000000000000000, R13=0x0000000017b20488, R14=0x00000000034ff5c0, R15=0x00000000033fe000
RIP=0x00007ffeabb21111, EFLAGS=0x0000000000010206

Top of Stack: (sp=0x00000000034ff500)
0x00000000034ff500:   00007ffeabb22270 00000000034ff5c0
0x00000000034ff510:   0000000000000004 00000000033f7900
0x00000000034ff520:   00000000ffffffff 0000000003617f74
0x00000000034ff530:   00000000033fe000 0000000017b20488
0x00000000034ff540:   0000000020200021 00000000033fe000
0x00000000034ff550:   00000000034ff620 0000000003617ca2
0x00000000034ff560:   00000000034ff560 0000000017b20488
0x00000000034ff570:   00000000034ff5c0 0000000017b205c0
0x00000000034ff580:   0000000000000000 0000000017b20488
0x00000000034ff590:   0000000000000000 00000000034ff5c0
0x00000000034ff5a0:   00000000034ff608 00000000036080e0
0x00000000034ff5b0:   0000000000000000 00000000036119db
0x00000000034ff5c0:   00000000d625c4f0 00000000034ff5c8
0x00000000034ff5d0:   0000000017b20527 00000000034ff620
0x00000000034ff5e0:   0000000017b205c0 0000000000000000
0x00000000034ff5f0:   0000000017b20568 00000000034ff5c0 

Instructions: (pc=0x00007ffeabb21111)
0x00007ffeabb210f1:   c3 cc cc cc cc cc cc cc cc cc cc cc cc cc cc 48
0x00007ffeabb21101:   83 ec 28 48 8d 0d 65 11 00 00 ff 15 df 0f 00 00
0x00007ffeabb21111:   c6 04 25 05 00 00 00 6f 33 c0 c6 04 25 05 00 00
0x00007ffeabb21121:   00 76 c7 04 25 01 00 00 00 69 6e 67 6c c6 00 64 


Register to memory mapping:

RAX=0x000000000000000d is an unknown value
RBX={method} {0x0000000017b20490} 'displayHelloWorld' '()[C' in 'com/testnative/HelloWorld'
RCX=0x00000000ffffffff is an unallocated location in the heap
RDX=0x00007ffea8ffc4a0 is an unknown value
RSP=0x00000000034ff500 is pointing into the stack for thread: 0x00000000033fe000
RBP=0x00000000034ff5a0 is pointing into the stack for thread: 0x00000000033fe000
RSI=0x0000000020200021 is an unknown value
RDI=0x00000000ffffffff is an unallocated location in the heap
R8 =0x00000000034ff1f0 is pointing into the stack for thread: 0x00000000033fe000
R9 =0x00007ffea8f20000 is an unknown value
R10=0x0000000000000000 is an unknown value
R11=0x0000000000000200 is an unknown value
R12=0x0000000000000000 is an unknown value
R13={method} {0x0000000017b20490} 'displayHelloWorld' '()[C' in 'com/testnative/HelloWorld'
R14=0x00000000034ff5c0 is pointing into the stack for thread: 0x00000000033fe000
R15=0x00000000033fe000 is a thread


Stack: [0x0000000003400000,0x0000000003500000],  sp=0x00000000034ff500,  free space=1021k
Native frames: (J=compiled Java code, j=interpreted, Vv=VM code, C=native code)
C  [hello.dll+0x1111]  Java_com_testnative_HelloWorld_displayHelloWorld+0x11
C  0x0000000003617f74

Java frames: (J=compiled Java code, j=interpreted, Vv=VM code)
j  com.testnative.HelloWorld.displayHelloWorld()[C+0
j  com.testnative.HelloWorld.main([Ljava/lang/String;)V+7
v  ~StubRoutines::call_stub

---------------  P R O C E S S  ---------------

Java Threads: ( => current thread )
  0x0000000019493000 JavaThread "Service Thread" daemon [_thread_blocked, id=10636, stack(0x0000000019d10000,0x0000000019e10000)]
  0x000000001941f000 JavaThread "C1 CompilerThread2" daemon [_thread_blocked, id=13036, stack(0x0000000019c10000,0x0000000019d10000)]
  0x000000001811e000 JavaThread "C2 CompilerThread1" daemon [_thread_blocked, id=13364, stack(0x0000000019b10000,0x0000000019c10000)]
  0x000000001811b000 JavaThread "C2 CompilerThread0" daemon [_thread_blocked, id=13392, stack(0x0000000019a10000,0x0000000019b10000)]
  0x0000000018119000 JavaThread "Attach Listener" daemon [_thread_blocked, id=2648, stack(0x0000000019910000,0x0000000019a10000)]
  0x00000000180ce800 JavaThread "Signal Dispatcher" daemon [_thread_blocked, id=13408, stack(0x0000000019810000,0x0000000019910000)]
  0x00000000035fd800 JavaThread "Finalizer" daemon [_thread_blocked, id=13904, stack(0x0000000019310000,0x0000000019410000)]
  0x00000000035f2000 JavaThread "Reference Handler" daemon [_thread_blocked, id=14072, stack(0x0000000019210000,0x0000000019310000)]
=>0x00000000033fe000 JavaThread "main" [_thread_in_native, id=6740, stack(0x0000000003400000,0x0000000003500000)]

Other Threads:
  0x0000000018087000 VMThread [stack: 0x0000000019110000,0x0000000019210000] [id=1740]
  0x00000000194e0800 WatcherThread [stack: 0x0000000019e10000,0x0000000019f10000] [id=13168]

VM state:not at safepoint (normal execution)

VM Mutex/Monitor currently owned by a thread: None

Heap:
 PSYoungGen      total 37888K, used 1966K [0x00000000d6180000, 0x00000000d8b80000, 0x0000000100000000)
  eden space 32768K, 6% used [0x00000000d6180000,0x00000000d636b908,0x00000000d8180000)
  from space 5120K, 0% used [0x00000000d8680000,0x00000000d8680000,0x00000000d8b80000)
  to   space 5120K, 0% used [0x00000000d8180000,0x00000000d8180000,0x00000000d8680000)
 ParOldGen       total 86016K, used 0K [0x0000000082400000, 0x0000000087800000, 0x00000000d6180000)
  object space 86016K, 0% used [0x0000000082400000,0x0000000082400000,0x0000000087800000)
 Metaspace       used 2789K, capacity 4486K, committed 4864K, reserved 1056768K
  class space    used 301K, capacity 386K, committed 512K, reserved 1048576K

Card table byte_map: [0x00000000129c0000,0x0000000012db0000] byte_map_base: 0x00000000125ae000

Marking Bits: (ParMarkBitMap*) 0x0000000064b9c720
 Begin Bits: [0x0000000013450000, 0x00000000153c0000)
 End Bits:   [0x00000000153c0000, 0x0000000017330000)

Polling page: 0x0000000001850000

CodeCache: size=245760Kb used=1136Kb max_used=1144Kb free=244623Kb
 bounds [0x0000000003600000, 0x0000000003870000, 0x0000000012600000]
 total_blobs=274 nmethods=39 adapters=148
 compilation: enabled

Compilation events (10 events):
Event: 0.127 Thread 0x000000001941f000   35       1       java.net.URL::getProtocol (5 bytes)
Event: 0.127 Thread 0x000000001941f000 nmethod 35 0x0000000003719f10 code [0x000000000371a060, 0x000000000371a170]
Event: 0.127 Thread 0x000000001941f000   36       3       java.lang.String::indexOf (166 bytes)
Event: 0.128 Thread 0x000000001941f000 nmethod 36 0x000000000371a1d0 code [0x000000000371a380, 0x000000000371a9d0]
Event: 0.129 Thread 0x000000001941f000   37       3       java.lang.StringBuilder::toString (17 bytes)
Event: 0.130 Thread 0x000000001941f000 nmethod 37 0x000000000371ad90 code [0x000000000371af00, 0x000000000371b108]
Event: 0.130 Thread 0x000000001811e000   38       4       sun.nio.cs.ext.DoubleByte$Encoder::encodeChar (21 bytes)
Event: 0.131 Thread 0x000000001811e000 nmethod 38 0x000000000371ded0 code [0x000000000371e020, 0x000000000371e118]
Event: 0.131 Thread 0x000000001941f000   39       3       java.io.WinNTFileSystem::normalize (143 bytes)
Event: 0.132 Thread 0x000000001941f000 nmethod 39 0x000000000371d110 code [0x000000000371d300, 0x000000000371db28]

GC Heap History (0 events):
No events

Deoptimization events (0 events):
No events

Internal exceptions (2 events):
Event: 0.035 Thread 0x00000000033fe000 Exception <a 'java/lang/NoSuchMethodError': Method sun.misc.Unsafe.defineClass(Ljava/lang/String;[BII)Ljava/lang/Class; name or signature does not match> (0x00000000d6187ca8) thrown at [C:\re\workspace\8-2-build-windows-amd64-cygwin\jdk8u131\8869\hotspot\
Event: 0.035 Thread 0x00000000033fe000 Exception <a 'java/lang/NoSuchMethodError': Method sun.misc.Unsafe.prefetchRead(Ljava/lang/Object;J)V name or signature does not match> (0x00000000d6187f90) thrown at [C:\re\workspace\8-2-build-windows-amd64-cygwin\jdk8u131\8869\hotspot\src\share\vm\prims

Events (10 events):
Event: 0.129 loading class java/security/BasicPermissionCollection
Event: 0.129 loading class java/security/BasicPermissionCollection done
Event: 0.130 loading class sun/launcher/LauncherHelper$FXHelper
Event: 0.130 loading class sun/launcher/LauncherHelper$FXHelper done
Event: 0.130 loading class java/lang/Class$MethodArray
Event: 0.130 loading class java/lang/Class$MethodArray done
Event: 0.130 loading class java/lang/Void
Event: 0.130 loading class java/lang/Void done
Event: 0.131 loading class java/lang/ClassLoaderHelper
Event: 0.131 loading class java/lang/ClassLoaderHelper done


Dynamic libraries:
0x00007ff7f1370000 - 0x00007ff7f13a7000 	C:\Program Files\Java\jdk1.8.0_131\bin\javaw.exe
0x00007ffeb10a0000 - 0x00007ffeb1272000 	C:\Windows\SYSTEM32\ntdll.dll
0x00007ffeb0eb0000 - 0x00007ffeb0f5c000 	C:\Windows\System32\KERNEL32.DLL
0x00007ffeadc60000 - 0x00007ffeade7d000 	C:\Windows\System32\KERNELBASE.dll
0x00007ffeaee70000 - 0x00007ffeaef12000 	C:\Windows\System32\ADVAPI32.dll
0x00007ffeae7d0000 - 0x00007ffeae86e000 	C:\Windows\System32\msvcrt.dll
0x00007ffeb0e50000 - 0x00007ffeb0ea9000 	C:\Windows\System32\sechost.dll
0x00007ffeb0bf0000 - 0x00007ffeb0d11000 	C:\Windows\System32\RPCRT4.dll
0x00007ffeb0a80000 - 0x00007ffeb0be5000 	C:\Windows\System32\USER32.dll
0x00007ffeae610000 - 0x00007ffeae62e000 	C:\Windows\System32\win32u.dll
0x00007ffeaef20000 - 0x00007ffeaef54000 	C:\Windows\System32\GDI32.dll
0x00007ffead600000 - 0x00007ffead780000 	C:\Windows\System32\gdi32full.dll
0x00007ffea2980000 - 0x00007ffea2bfa000 	C:\Windows\WinSxS\amd64_microsoft.windows.common-controls_6595b64144ccf1df_6.0.14393.953_none_42151e83c686086b\COMCTL32.dll
0x00007ffeb07b0000 - 0x00007ffeb0a78000 	C:\Windows\System32\combase.dll
0x00007ffead780000 - 0x00007ffead875000 	C:\Windows\System32\ucrtbase.dll
0x00007ffead880000 - 0x00007ffead8ea000 	C:\Windows\System32\bcryptPrimitives.dll
0x00007ffeaeda0000 - 0x00007ffeaedce000 	C:\Windows\System32\IMM32.DLL
0x0000000065be0000 - 0x0000000065cb2000 	C:\Program Files\Java\jdk1.8.0_131\jre\bin\msvcr100.dll
0x0000000064380000 - 0x0000000064c1c000 	C:\Program Files\Java\jdk1.8.0_131\jre\bin\server\jvm.dll
0x00007ffeb1090000 - 0x00007ffeb1098000 	C:\Windows\System32\PSAPI.DLL
0x00007ffeab230000 - 0x00007ffeab253000 	C:\Windows\SYSTEM32\WINMM.dll
0x00007ffe983d0000 - 0x00007ffe983d9000 	C:\Windows\SYSTEM32\WSOCK32.dll
0x00007ffeb1020000 - 0x00007ffeb108a000 	C:\Windows\System32\WS2_32.dll
0x0000000001820000 - 0x000000000184b000 	C:\Windows\SYSTEM32\WINMMBASE.dll
0x00007ffeadb60000 - 0x00007ffeadba2000 	C:\Windows\System32\cfgmgr32.dll
0x00007ffea4c30000 - 0x00007ffea4c3a000 	C:\Windows\SYSTEM32\VERSION.dll
0x0000000066890000 - 0x000000006689f000 	C:\Program Files\Java\jdk1.8.0_131\jre\bin\verify.dll
0x0000000065bb0000 - 0x0000000065bd9000 	C:\Program Files\Java\jdk1.8.0_131\jre\bin\java.dll
0x0000000065b90000 - 0x0000000065ba6000 	C:\Program Files\Java\jdk1.8.0_131\jre\bin\zip.dll
0x00007ffeaf280000 - 0x00007ffeb0789000 	C:\Windows\System32\SHELL32.dll
0x00007ffeade80000 - 0x00007ffeae559000 	C:\Windows\System32\windows.storage.dll
0x00007ffead540000 - 0x00007ffead58c000 	C:\Windows\System32\powrprof.dll
0x00007ffeb0d20000 - 0x00007ffeb0d72000 	C:\Windows\System32\shlwapi.dll
0x00007ffead530000 - 0x00007ffead53f000 	C:\Windows\System32\kernel.appcore.dll
0x00007ffeae560000 - 0x00007ffeae609000 	C:\Windows\System32\shcore.dll
0x00007ffead510000 - 0x00007ffead524000 	C:\Windows\System32\profapi.dll
0x00007ffeabb20000 - 0x00007ffeabb27000 	C:\Program Files\Java\jdk1.8.0_131\bin\hello.dll
0x00007ffe84790000 - 0x00007ffe84cf8000 	C:\Windows\SYSTEM32\mfc120u.dll
0x00007ffea8f20000 - 0x00007ffea900f000 	C:\Windows\SYSTEM32\MSVCR120.dll
0x00007ffeaf140000 - 0x00007ffeaf278000 	C:\Windows\System32\ole32.dll
0x00007ffeb0f60000 - 0x00007ffeb101f000 	C:\Windows\System32\OLEAUT32.dll
0x00007ffead8f0000 - 0x00007ffead98c000 	C:\Windows\System32\msvcp_win.dll
0x00007ffeabc90000 - 0x00007ffeabd25000 	C:\Windows\SYSTEM32\UxTheme.dll
0x00007ffea36f0000 - 0x00007ffea3882000 	C:\Windows\SYSTEM32\dbghelp.dll

VM Arguments:
jvm_args: -Dfile.encoding=GBK 
java_command: com.testnative.HelloWorld
java_class_path (initial): C:\Program Files\Java\jdk1.8.0_131\jre\lib\resources.jar;C:\Program Files\Java\jdk1.8.0_131\jre\lib\rt.jar;C:\Program Files\Java\jdk1.8.0_131\jre\lib\jsse.jar;C:\Program Files\Java\jdk1.8.0_131\jre\lib\jce.jar;C:\Program Files\Java\jdk1.8.0_131\jre\lib\charsets.jar;C:\Program Files\Java\jdk1.8.0_131\jre\lib\jfr.jar;C:\Program Files\Java\jdk1.8.0_131\jre\lib\ext\access-bridge-64.jar;C:\Program Files\Java\jdk1.8.0_131\jre\lib\ext\cldrdata.jar;C:\Program Files\Java\jdk1.8.0_131\jre\lib\ext\dnsns.jar;C:\Program Files\Java\jdk1.8.0_131\jre\lib\ext\jaccess.jar;C:\Program Files\Java\jdk1.8.0_131\jre\lib\ext\jfxrt.jar;C:\Program Files\Java\jdk1.8.0_131\jre\lib\ext\localedata.jar;C:\Program Files\Java\jdk1.8.0_131\jre\lib\ext\nashorn.jar;C:\Program Files\Java\jdk1.8.0_131\jre\lib\ext\sunec.jar;C:\Program Files\Java\jdk1.8.0_131\jre\lib\ext\sunjce_provider.jar;C:\Program Files\Java\jdk1.8.0_131\jre\lib\ext\sunmscapi.jar;C:\Program Files\Java\jdk1.8.0_131\jre\lib\ext\sunpkcs11.jar;C:\Program Files\Java\jdk1.8.0_131\jre\lib\ext\zipfs.jar;D:\java\EJB\jpa\build\classes;D:\java\EJB\jpalib\antlr-2.7.7.jar;D:\java\EJB\jpalib\dom4j-1.6.1.jar;D:\java\EJB\jpalib\ehcache-core-2.5.0.jar;D:\java\EJB\jpalib\hibernate-commons-annotations-5.0.1.Final.jar;D:\java\EJB\jpalib\hibernate-core-5.1.0.Final.jar;D:\java\EJB\jpalib\hibernate-ehcache-5.2.6.Final.jar;D:\java\EJB\jpalib\hibernate-entitymanager-5.1.0.Final.jar;D:\java\EJB\jpalib\hibernate-jpa-2.1-api-1.0.0.Final.jar;D:\java\EJB\jpalib\javassist-3.20.0-GA.jar;D:\java\EJB\jpalib\jboss-logging-3.3.0.Final.jar;D:\java\EJB\jpalib\jboss-transaction-api_1.1_spec-1.0.1.Final.jar;D:\java\EJB\jpalib\mysql-connector-java-5.1.7-bin.jar;D:\java\EJB\jpalib\slf4j-api-1.7.5.jar;D:\java\EJB\jpalib\Oracle12.jar;D:\java\EJB\jpalib\classmate-1.0.0.jar
Launcher Type: SUN_STANDARD

Environment Variables:
JAVA_HOME=C:\Program Files\Java\jdk1.8.0_131
PATH=C:\Perl\site\bin;C:\Perl\bin;C:\ProgramData\Oracle\Java\javapath;C:\Program Files (x86)\Intel\iCLS Client\;C:\Program Files\Java\jdk1.8.0_131\bin;C:\Program Files\Intel\iCLS Client\;C:\Windows\system32;C:\Windows;C:\Windows\System32\Wbem;C:\Windows\System32\WindowsPowerShell\v1.0\;C:\Program Files\Intel\WiFi\bin\;C:\Program Files\Common Files\Intel\WirelessCommon\;D:\PLATFORM\BASESOFT\VPN\bin;D:\PLATFORM\BASESOFT\SVN\bin;C:\Program Files (x86)\Intel\Intel(R) Management Engine Components\DAL;C:\Program Files\Intel\Intel(R) Management Engine Components\DAL;C:\Program Files (x86)\Intel\Intel(R) Management Engine Components\IPT;C:\Program Files\Intel\Intel(R) Management Engine Components\IPT;C:\apache-maven-3.5.3\bin;D:\soft\jboss-4.2.2.GA\bin;C:\Users\Lenovo\AppData\Local\Programs\Python\Python36;C:\Users\Lenovo\AppData\Local\Microsoft\WindowsApps;
USERNAME=Lenovo
OS=Windows_NT
PROCESSOR_IDENTIFIER=Intel64 Family 6 Model 142 Stepping 9, GenuineIntel



---------------  S Y S T E M  ---------------

OS: Windows 10.0 , 64 bit Build 14393 (10.0.14393.2214)

CPU:total 4 (initial active 4) (2 cores per cpu, 2 threads per core) family 6 model 142 stepping 9, cmov, cx8, fxsr, mmx, sse, sse2, sse3, ssse3, sse4.1, sse4.2, popcnt, avx, avx2, aes, clmul, erms, 3dnowpref, lzcnt, ht, tsc, tscinvbit, bmi1, bmi2, adx

Memory: 4k page, physical 8239812k(3221672k free), swap 9616068k(3268288k free)

vm_info: Java HotSpot(TM) 64-Bit Server VM (25.131-b11) for windows-amd64 JRE (1.8.0_131-b11), built on Mar 15 2017 01:23:53 by "java_re" with MS VC++ 10.0 (VS2010)

time: Fri Nov 23 19:38:57 2018
elapsed time: 0 seconds (0d 0h 0m 0s)

