#
# A fatal error has been detected by the Java Runtime Environment:
#
#  EXCEPTION_ACCESS_VIOLATION (0xc0000005) at pc=0x00000000644bf4a7, pid=10204, tid=0x00000000000022b8
#
# JRE version: Java(TM) SE Runtime Environment (8.0_131-b11) (build 1.8.0_131-b11)
# Java VM: Java HotSpot(TM) 64-Bit Server VM (25.131-b11 mixed mode windows-amd64 compressed oops)
# Problematic frame:
# V  [jvm.dll+0x13f4a7]
#
# Failed to write core dump. Minidumps are not enabled by default on client versions of Windows
#
# If you would like to submit a bug report, please visit:
#   http://bugreport.java.com/bugreport/crash.jsp
#

---------------  T H R E A D  ---------------

Current thread (0x000000001799d000):  JavaThread "JDWP Transport Listener: dt_socket" daemon [_thread_in_vm, id=8888, stack(0x00000000192a0000,0x00000000193a0000)]

siginfo: ExceptionCode=0xc0000005, reading address 0xffffffffffffffff

Registers:
RAX=0x00000001000016d0, RBX=0x000000001799d000, RCX=0x00000000d61808d8, RDX=0x00000001000016d0
RSP=0x000000001939f600, RBP=0x0000000002e4def0, RSI=0x0000000018cb1760, RDI=0x0000000018cb1700
R8 =0xfdc9a1b6c7cad2ce, R9 =0x0000000018cb5ee0, R10=0x0000000000000000, R11=0x000000001939f5e0
R12=0x0000000065b972c8, R13=0x0000000065b972ac, R14=0x0000000065b9a390, R15=0x0000000000000001
RIP=0x00000000644bf4a7, EFLAGS=0x0000000000010202

Top of Stack: (sp=0x000000001939f600)
0x000000001939f600:   000000001799d000 00000000646bfc74
0x000000001939f610:   000000001799d000 0000000000000000
0x000000001939f620:   0000000018cb1760 0000000065b93cea
0x000000001939f630:   000000001799d1f8 0000000065b9c41c
0x000000001939f640:   000000001939f7c0 0000000000000000
0x000000001939f650:   000000000000004c 0000000018cb26e0
0x000000001939f660:   0000000000000000 0000000065b76e36
0x000000001939f670:   0000000000000000 000000001939f6b0
0x000000001939f680:   000000001799d1f8 000000001799d1f8
0x000000001939f690:   000000001939f6a8 0000000065b86a49
0x000000001939f6a0:   000000001939f790 0000000018cb1760
0x000000001939f6b0:   0000000018cb26e0 0000000000020000
0x000000001939f6c0:   0000000000000001 0000000065b77804
0x000000001939f6d0:   000000001939f790 0000000000000000
0x000000001939f6e0:   000000001939f7c0 0000000000000002
0x000000001939f6f0:   0000000000000001 0000000065b8914c 

Instructions: (pc=0x00000000644bf4a7)
0x00000000644bf487:   48 8b 4d 00 40 32 ff e8 8d 92 f2 ff 48 8b d0 48
0x00000000644bf497:   85 c0 74 4c 40 38 3d 0f df 6c 00 4c 8b 06 74 16
0x00000000644bf4a7:   45 8b 40 08 8b 0d f7 12 66 00 49 d3 e0 4c 03 05
0x00000000644bf4b7:   e5 12 66 00 eb 04 4d 8b 40 08 8b 48 0c 8b c1 4a 


Register to memory mapping:

RAX=0x00000001000016d0 is pointing into metadata
RBX=0x000000001799d000 is a thread
RCX=0x00000000d61808d8 is an oop
java.lang.Class 
 - klass: 'java/lang/Class'
RDX=0x00000001000016d0 is pointing into metadata
RSP=0x000000001939f600 is pointing into the stack for thread: 0x000000001799d000
RBP=0x0000000002e4def0 is a global jni handle
RSI=0x0000000018cb1760 is an unknown value
RDI=0x0000000018cb1700 is an unknown value
R8 =0xfdc9a1b6c7cad2ce is an unknown value
R9 =0x0000000018cb5ee0 is an unknown value
R10=0x0000000000000000 is an unknown value
R11=0x000000001939f5e0 is pointing into the stack for thread: 0x000000001799d000
R12=0x0000000065b972c8 is an unknown value
R13=0x0000000065b972ac is an unknown value
R14=0x0000000065b9a390 is an unknown value
R15=0x0000000000000001 is an unknown value


Stack: [0x00000000192a0000,0x00000000193a0000],  sp=0x000000001939f600,  free space=1021k
Native frames: (J=compiled Java code, j=interpreted, Vv=VM code, C=native code)
V  [jvm.dll+0x13f4a7]
C  [jdwp.dll+0x23cea]
C  [jdwp.dll+0x6e36]
C  [jdwp.dll+0x7804]
C  [jdwp.dll+0xf168]
C  [jdwp.dll+0x1f395]
C  [jdwp.dll+0x1f56a]
V  [jvm.dll+0x1bda28]
V  [jvm.dll+0x24537f]
V  [jvm.dll+0x29cc1a]
C  [msvcr100.dll+0x21d9f]
C  [msvcr100.dll+0x21e3b]
C  [KERNEL32.DLL+0x8364]
C  [ntdll.dll+0x670b1]


---------------  P R O C E S S  ---------------

Java Threads: ( => current thread )
  0x0000000018d42800 JavaThread "Service Thread" daemon [_thread_blocked, id=4376, stack(0x00000000198a0000,0x00000000199a0000)]
  0x0000000018cd5800 JavaThread "C1 CompilerThread2" daemon [_thread_blocked, id=6084, stack(0x00000000197a0000,0x00000000198a0000)]
  0x0000000018cd2800 JavaThread "C2 CompilerThread1" daemon [_thread_blocked, id=11056, stack(0x00000000196a0000,0x00000000197a0000)]
  0x0000000018ccd000 JavaThread "C2 CompilerThread0" daemon [_thread_blocked, id=5480, stack(0x00000000195a0000,0x00000000196a0000)]
  0x0000000018cbf000 JavaThread "JDWP Command Reader" daemon [_thread_in_native, id=7356, stack(0x00000000194a0000,0x00000000195a0000)]
  0x0000000018cbc000 JavaThread "JDWP Event Helper Thread" daemon [_thread_blocked, id=11024, stack(0x00000000193a0000,0x00000000194a0000)]
=>0x000000001799d000 JavaThread "JDWP Transport Listener: dt_socket" daemon [_thread_in_vm, id=8888, stack(0x00000000192a0000,0x00000000193a0000)]
  0x0000000018cb0800 JavaThread "Attach Listener" daemon [_thread_blocked, id=1948, stack(0x00000000191a0000,0x00000000192a0000)]
  0x0000000017950000 JavaThread "Signal Dispatcher" daemon [_thread_blocked, id=1096, stack(0x00000000190a0000,0x00000000191a0000)]
  0x0000000002e78800 JavaThread "Finalizer" daemon [_thread_blocked, id=2184, stack(0x0000000018ba0000,0x0000000018ca0000)]
  0x0000000002e73000 JavaThread "Reference Handler" daemon [_thread_blocked, id=8540, stack(0x0000000018aa0000,0x0000000018ba0000)]
  0x0000000002d82800 JavaThread "main" [_thread_blocked, id=9464, stack(0x0000000002c80000,0x0000000002d80000)]

Other Threads:
  0x0000000017907800 VMThread [stack: 0x00000000189a0000,0x0000000018aa0000] [id=3968]
  0x0000000018db5000 WatcherThread [stack: 0x00000000199a0000,0x0000000019aa0000] [id=12880]

VM state:not at safepoint (normal execution)

VM Mutex/Monitor currently owned by a thread: None

Heap:
 PSYoungGen      total 37888K, used 2621K [0x00000000d6180000, 0x00000000d8b80000, 0x0000000100000000)
  eden space 32768K, 8% used [0x00000000d6180000,0x00000000d640f690,0x00000000d8180000)
  from space 5120K, 0% used [0x00000000d8680000,0x00000000d8680000,0x00000000d8b80000)
  to   space 5120K, 0% used [0x00000000d8180000,0x00000000d8180000,0x00000000d8680000)
 ParOldGen       total 86016K, used 0K [0x0000000082400000, 0x0000000087800000, 0x00000000d6180000)
  object space 86016K, 0% used [0x0000000082400000,0x0000000082400000,0x0000000087800000)
 Metaspace       used 2825K, capacity 4486K, committed 4864K, reserved 1056768K
  class space    used 302K, capacity 386K, committed 512K, reserved 1048576K

Card table byte_map: [0x0000000012240000,0x0000000012630000] byte_map_base: 0x0000000011e2e000

Marking Bits: (ParMarkBitMap*) 0x0000000064b9c720
 Begin Bits: [0x0000000012cd0000, 0x0000000014c40000)
 End Bits:   [0x0000000014c40000, 0x0000000016bb0000)

Polling page: 0x0000000000bb0000

CodeCache: size=245760Kb used=1135Kb max_used=1142Kb free=244624Kb
 bounds [0x0000000002e80000, 0x00000000030f0000, 0x0000000011e80000]
 total_blobs=267 nmethods=40 adapters=148
 compilation: enabled

Compilation events (10 events):
Event: 0.706 Thread 0x0000000018cd5800   36       1       java.nio.Buffer::limit (5 bytes)
Event: 0.706 Thread 0x0000000018cd5800 nmethod 36 0x0000000002f9a210 code [0x0000000002f9a360, 0x0000000002f9a470]
Event: 0.706 Thread 0x0000000018cd5800   37       1       java.net.URL::getProtocol (5 bytes)
Event: 0.706 Thread 0x0000000018cd5800 nmethod 37 0x0000000002f9a4d0 code [0x0000000002f9a620, 0x0000000002f9a730]
Event: 0.709 Thread 0x0000000018cd5800   38       3       java.lang.StringBuilder::toString (17 bytes)
Event: 0.709 Thread 0x0000000018cd5800 nmethod 38 0x0000000002f9a790 code [0x0000000002f9a900, 0x0000000002f9ab08]
Event: 0.760 Thread 0x0000000018cd2800   39       4       sun.nio.cs.ext.DoubleByte$Encoder::encodeChar (21 bytes)
Event: 0.762 Thread 0x0000000018cd2800 nmethod 39 0x0000000002f9d950 code [0x0000000002f9daa0, 0x0000000002f9dbf8]
Event: 0.762 Thread 0x0000000018cd5800   40       3       java.io.WinNTFileSystem::normalize (143 bytes)
Event: 0.763 Thread 0x0000000018cd5800 nmethod 40 0x0000000002f9cad0 code [0x0000000002f9ccc0, 0x0000000002f9d548]

GC Heap History (0 events):
No events

Deoptimization events (0 events):
No events

Internal exceptions (2 events):
Event: 0.044 Thread 0x0000000002d82800 Exception <a 'java/lang/NoSuchMethodError': Method sun.misc.Unsafe.defineClass(Ljava/lang/String;[BII)Ljava/lang/Class; name or signature does not match> (0x00000000d6187ca8) thrown at [C:\re\workspace\8-2-build-windows-amd64-cygwin\jdk8u131\8869\hotspot\
Event: 0.045 Thread 0x0000000002d82800 Exception <a 'java/lang/NoSuchMethodError': Method sun.misc.Unsafe.prefetchRead(Ljava/lang/Object;J)V name or signature does not match> (0x00000000d6187f90) thrown at [C:\re\workspace\8-2-build-windows-amd64-cygwin\jdk8u131\8869\hotspot\src\share\vm\prims

Events (10 events):
Event: 0.709 loading class java/lang/Class$MethodArray
Event: 0.709 loading class java/lang/Class$MethodArray done
Event: 0.757 Executing VM operation: ChangeBreakpoints
Event: 0.757 Executing VM operation: ChangeBreakpoints done
Event: 0.760 loading class java/lang/Void
Event: 0.760 loading class java/lang/Void done
Event: 0.761 loading class java/lang/ClassLoaderHelper
Event: 0.761 loading class java/lang/ClassLoaderHelper done
Event: 3.134 Executing VM operation: GetOrSetLocal
Event: 3.134 Executing VM operation: GetOrSetLocal done


Dynamic libraries:
0x00007ff7f1370000 - 0x00007ff7f13a7000 	C:\Program Files\Java\jdk1.8.0_131\bin\javaw.exe
0x00007ffeb10a0000 - 0x00007ffeb1272000 	C:\Windows\SYSTEM32\ntdll.dll
0x00007ffeb0eb0000 - 0x00007ffeb0f5c000 	C:\Windows\System32\KERNEL32.DLL
0x00007ffeadc60000 - 0x00007ffeade7d000 	C:\Windows\System32\KERNELBASE.dll
0x00007ffeaee70000 - 0x00007ffeaef12000 	C:\Windows\System32\ADVAPI32.dll
0x00007ffeae7d0000 - 0x00007ffeae86e000 	C:\Windows\System32\msvcrt.dll
0x00007ffeb0e50000 - 0x00007ffeb0ea9000 	C:\Windows\System32\sechost.dll
0x00007ffeb0bf0000 - 0x00007ffeb0d11000 	C:\Windows\System32\RPCRT4.dll
0x00007ffeb0a80000 - 0x00007ffeb0be5000 	C:\Windows\System32\USER32.dll
0x00007ffeae610000 - 0x00007ffeae62e000 	C:\Windows\System32\win32u.dll
0x00007ffeaef20000 - 0x00007ffeaef54000 	C:\Windows\System32\GDI32.dll
0x00007ffead600000 - 0x00007ffead780000 	C:\Windows\System32\gdi32full.dll
0x00007ffea2980000 - 0x00007ffea2bfa000 	C:\Windows\WinSxS\amd64_microsoft.windows.common-controls_6595b64144ccf1df_6.0.14393.953_none_42151e83c686086b\COMCTL32.dll
0x00007ffeb07b0000 - 0x00007ffeb0a78000 	C:\Windows\System32\combase.dll
0x00007ffead780000 - 0x00007ffead875000 	C:\Windows\System32\ucrtbase.dll
0x00007ffead880000 - 0x00007ffead8ea000 	C:\Windows\System32\bcryptPrimitives.dll
0x00007ffeaeda0000 - 0x00007ffeaedce000 	C:\Windows\System32\IMM32.DLL
0x0000000065be0000 - 0x0000000065cb2000 	C:\Program Files\Java\jdk1.8.0_131\jre\bin\msvcr100.dll
0x0000000064380000 - 0x0000000064c1c000 	C:\Program Files\Java\jdk1.8.0_131\jre\bin\server\jvm.dll
0x00007ffeb1090000 - 0x00007ffeb1098000 	C:\Windows\System32\PSAPI.DLL
0x00007ffe983d0000 - 0x00007ffe983d9000 	C:\Windows\SYSTEM32\WSOCK32.dll
0x00007ffea4c30000 - 0x00007ffea4c3a000 	C:\Windows\SYSTEM32\VERSION.dll
0x00007ffeab230000 - 0x00007ffeab253000 	C:\Windows\SYSTEM32\WINMM.dll
0x00007ffeb1020000 - 0x00007ffeb108a000 	C:\Windows\System32\WS2_32.dll
0x0000000002710000 - 0x000000000273b000 	C:\Windows\SYSTEM32\WINMMBASE.dll
0x00007ffeadb60000 - 0x00007ffeadba2000 	C:\Windows\System32\cfgmgr32.dll
0x0000000066890000 - 0x000000006689f000 	C:\Program Files\Java\jdk1.8.0_131\jre\bin\verify.dll
0x0000000065bb0000 - 0x0000000065bd9000 	C:\Program Files\Java\jdk1.8.0_131\jre\bin\java.dll
0x0000000065b70000 - 0x0000000065ba5000 	C:\Program Files\Java\jdk1.8.0_131\jre\bin\jdwp.dll
0x0000000065b60000 - 0x0000000065b68000 	C:\Program Files\Java\jdk1.8.0_131\jre\bin\npt.dll
0x0000000065b40000 - 0x0000000065b56000 	C:\Program Files\Java\jdk1.8.0_131\jre\bin\zip.dll
0x00007ffeaf280000 - 0x00007ffeb0789000 	C:\Windows\System32\SHELL32.dll
0x00007ffeade80000 - 0x00007ffeae559000 	C:\Windows\System32\windows.storage.dll
0x00007ffead540000 - 0x00007ffead58c000 	C:\Windows\System32\powrprof.dll
0x00007ffeb0d20000 - 0x00007ffeb0d72000 	C:\Windows\System32\shlwapi.dll
0x00007ffead530000 - 0x00007ffead53f000 	C:\Windows\System32\kernel.appcore.dll
0x00007ffeae560000 - 0x00007ffeae609000 	C:\Windows\System32\shcore.dll
0x00007ffead510000 - 0x00007ffead524000 	C:\Windows\System32\profapi.dll
0x0000000065b30000 - 0x0000000065b39000 	C:\Program Files\Java\jdk1.8.0_131\jre\bin\dt_socket.dll
0x00007ffe88c40000 - 0x00007ffe88c56000 	C:\Windows\system32\napinsp.dll
0x00007ffe969b0000 - 0x00007ffe969ca000 	C:\Windows\system32\pnrpnsp.dll
0x00007ffeab180000 - 0x00007ffeab198000 	C:\Windows\system32\NLAapi.dll
0x00007ffeace10000 - 0x00007ffeace6c000 	C:\Windows\System32\mswsock.dll
0x00007ffeacbd0000 - 0x00007ffeacc71000 	C:\Windows\SYSTEM32\DNSAPI.dll
0x00007ffeaf0d0000 - 0x00007ffeaf0d8000 	C:\Windows\System32\NSI.dll
0x00007ffeacb90000 - 0x00007ffeacbc8000 	C:\Windows\SYSTEM32\IPHLPAPI.DLL
0x00007ffea8890000 - 0x00007ffea889e000 	C:\Windows\System32\winrnr.dll
0x00007ffe8a660000 - 0x00007ffe8a675000 	C:\Windows\System32\wshbth.dll
0x00007ffea4720000 - 0x00007ffea478a000 	C:\Windows\System32\fwpuclnt.dll
0x00007ffead0c0000 - 0x00007ffead0eb000 	C:\Windows\SYSTEM32\bcrypt.dll
0x00007ffe9ac30000 - 0x00007ffe9ac3a000 	C:\Windows\System32\rasadhlp.dll
0x00007ffeabb20000 - 0x00007ffeabb27000 	C:\Program Files\Java\jdk1.8.0_131\bin\hello.dll
0x00007ffe84790000 - 0x00007ffe84cf8000 	C:\Windows\SYSTEM32\mfc120u.dll
0x00007ffea8f20000 - 0x00007ffea900f000 	C:\Windows\SYSTEM32\MSVCR120.dll
0x00007ffeaf140000 - 0x00007ffeaf278000 	C:\Windows\System32\ole32.dll
0x00007ffeb0f60000 - 0x00007ffeb101f000 	C:\Windows\System32\OLEAUT32.dll
0x00007ffead8f0000 - 0x00007ffead98c000 	C:\Windows\System32\msvcp_win.dll
0x00007ffeabc90000 - 0x00007ffeabd25000 	C:\Windows\SYSTEM32\UxTheme.dll
0x00007ffea36f0000 - 0x00007ffea3882000 	C:\Windows\SYSTEM32\dbghelp.dll

VM Arguments:
jvm_args: -agentlib:jdwp=transport=dt_socket,suspend=y,address=localhost:1890 -Dfile.encoding=GBK 
java_command: com.testnative.HelloWorld
java_class_path (initial): C:\Program Files\Java\jdk1.8.0_131\jre\lib\resources.jar;C:\Program Files\Java\jdk1.8.0_131\jre\lib\rt.jar;C:\Program Files\Java\jdk1.8.0_131\jre\lib\jsse.jar;C:\Program Files\Java\jdk1.8.0_131\jre\lib\jce.jar;C:\Program Files\Java\jdk1.8.0_131\jre\lib\charsets.jar;C:\Program Files\Java\jdk1.8.0_131\jre\lib\jfr.jar;C:\Program Files\Java\jdk1.8.0_131\jre\lib\ext\access-bridge-64.jar;C:\Program Files\Java\jdk1.8.0_131\jre\lib\ext\cldrdata.jar;C:\Program Files\Java\jdk1.8.0_131\jre\lib\ext\dnsns.jar;C:\Program Files\Java\jdk1.8.0_131\jre\lib\ext\jaccess.jar;C:\Program Files\Java\jdk1.8.0_131\jre\lib\ext\jfxrt.jar;C:\Program Files\Java\jdk1.8.0_131\jre\lib\ext\localedata.jar;C:\Program Files\Java\jdk1.8.0_131\jre\lib\ext\nashorn.jar;C:\Program Files\Java\jdk1.8.0_131\jre\lib\ext\sunec.jar;C:\Program Files\Java\jdk1.8.0_131\jre\lib\ext\sunjce_provider.jar;C:\Program Files\Java\jdk1.8.0_131\jre\lib\ext\sunmscapi.jar;C:\Program Files\Java\jdk1.8.0_131\jre\lib\ext\sunpkcs11.jar;C:\Program Files\Java\jdk1.8.0_131\jre\lib\ext\zipfs.jar;D:\java\EJB\jpa\build\classes;D:\java\EJB\jpalib\antlr-2.7.7.jar;D:\java\EJB\jpalib\dom4j-1.6.1.jar;D:\java\EJB\jpalib\ehcache-core-2.5.0.jar;D:\java\EJB\jpalib\hibernate-commons-annotations-5.0.1.Final.jar;D:\java\EJB\jpalib\hibernate-core-5.1.0.Final.jar;D:\java\EJB\jpalib\hibernate-ehcache-5.2.6.Final.jar;D:\java\EJB\jpalib\hibernate-entitymanager-5.1.0.Final.jar;D:\java\EJB\jpalib\hibernate-jpa-2.1-api-1.0.0.Final.jar;D:\java\EJB\jpalib\javassist-3.20.0-GA.jar;D:\java\EJB\jpalib\jboss-logging-3.3.0.Final.jar;D:\java\EJB\jpalib\jboss-transaction-api_1.1_spec-1.0.1.Final.jar;D:\java\EJB\jpalib\mysql-connector-java-5.1.7-bin.jar;D:\java\EJB\jpalib\slf4j-api-1.7.5.jar;D:\java\EJB\jpalib\Oracle12.jar;D:\java\EJB\jpalib\classmate-1.0.0.jar
Launcher Type: SUN_STANDARD

Environment Variables:
JAVA_HOME=C:\Program Files\Java\jdk1.8.0_131
PATH=C:\Program Files\Java\jdk1.8.0_131\jre\bin;C:\Perl\site\bin;C:\Perl\bin;C:\ProgramData\Oracle\Java\javapath;C:\Program Files (x86)\Intel\iCLS Client\;C:\Program Files\Java\jdk1.8.0_131\bin;C:\Program Files\Intel\iCLS Client\;C:\Windows\system32;C:\Windows;C:\Windows\System32\Wbem;C:\Windows\System32\WindowsPowerShell\v1.0\;C:\Program Files\Intel\WiFi\bin\;C:\Program Files\Common Files\Intel\WirelessCommon\;D:\PLATFORM\BASESOFT\VPN\bin;D:\PLATFORM\BASESOFT\SVN\bin;C:\Program Files (x86)\Intel\Intel(R) Management Engine Components\DAL;C:\Program Files\Intel\Intel(R) Management Engine Components\DAL;C:\Program Files (x86)\Intel\Intel(R) Management Engine Components\IPT;C:\Program Files\Intel\Intel(R) Management Engine Components\IPT;C:\apache-maven-3.5.3\bin;D:\soft\jboss-4.2.2.GA\bin;C:\Users\Lenovo\AppData\Local\Programs\Python\Python36;C:\Users\Lenovo\AppData\Local\Microsoft\WindowsApps;
USERNAME=Lenovo
OS=Windows_NT
PROCESSOR_IDENTIFIER=Intel64 Family 6 Model 142 Stepping 9, GenuineIntel



---------------  S Y S T E M  ---------------

OS: Windows 10.0 , 64 bit Build 14393 (10.0.14393.2214)

CPU:total 4 (initial active 4) (2 cores per cpu, 2 threads per core) family 6 model 142 stepping 9, cmov, cx8, fxsr, mmx, sse, sse2, sse3, ssse3, sse4.1, sse4.2, popcnt, avx, avx2, aes, clmul, erms, 3dnowpref, lzcnt, ht, tsc, tscinvbit, bmi1, bmi2, adx

Memory: 4k page, physical 8239812k(3252688k free), swap 9616068k(3374252k free)

vm_info: Java HotSpot(TM) 64-Bit Server VM (25.131-b11) for windows-amd64 JRE (1.8.0_131-b11), built on Mar 15 2017 01:23:53 by "java_re" with MS VC++ 10.0 (VS2010)

time: Fri Nov 23 19:19:55 2018
elapsed time: 3 seconds (0d 0h 0m 3s)

